  canvas.c
  games.c
D:\dev\AdvancedProgramming\jjuggumi_game\source\games.c(8,2): warning C4013: 'dialog'이(가) 정의되지 않았습니다. extern은 int형을 반환하는 것으로 간주합니다.
D:\dev\AdvancedProgramming\jjuggumi_game\source\games.c(10,2): warning C4013: 'display'이(가) 정의되지 않았습니다. extern은 int형을 반환하는 것으로 간주합니다.
D:\dev\AdvancedProgramming\jjuggumi_game\source\games.c(21,2): warning C4013: 'printf'이(가) 정의되지 않았습니다. extern은 int형을 반환하는 것으로 간주합니다.
D:\dev\AdvancedProgramming\jjuggumi_game\source\games.c(43,2): warning C4013: 'SetConsoleFontSize'이(가) 정의되지 않았습니다. extern은 int형을 반환하는 것으로 간주합니다.
D:\dev\AdvancedProgramming\jjuggumi_game\source\games.c(46,2): warning C4013: 'map_init'이(가) 정의되지 않았습니다. extern은 int형을 반환하는 것으로 간주합니다.
  jjuggumi.c
D:\dev\AdvancedProgramming\jjuggumi_game\source\jjuggumi.c(34,2): warning C4013: 'SetConsoleFontSize'이(가) 정의되지 않았습니다. extern은 int형을 반환하는 것으로 간주합니다.
D:\dev\AdvancedProgramming\jjuggumi_game\source\jjuggumi.c(66,2): warning C4013: 'enline'이(가) 정의되지 않았습니다. extern은 int형을 반환하는 것으로 간주합니다.
D:\dev\AdvancedProgramming\jjuggumi_game\source\jjuggumi.c(67,2): warning C4013: 'introsong'이(가) 정의되지 않았습니다. extern은 int형을 반환하는 것으로 간주합니다.
  keyin.c
  media.c
D:\dev\AdvancedProgramming\jjuggumi_game\source\media.c(18,17): warning C4244: '함수': 'double'에서 'DWORD'(으)로 변환하면서 데이터가 손실될 수 있습니다.
D:\dev\AdvancedProgramming\jjuggumi_game\source\media.c(22,17): warning C4244: '함수': 'double'에서 'DWORD'(으)로 변환하면서 데이터가 손실될 수 있습니다.
D:\dev\AdvancedProgramming\jjuggumi_game\source\media.c(26,22): warning C4244: '함수': 'double'에서 'DWORD'(으)로 변환하면서 데이터가 손실될 수 있습니다.
D:\dev\AdvancedProgramming\jjuggumi_game\source\media.c(30,22): warning C4244: '함수': 'double'에서 'DWORD'(으)로 변환하면서 데이터가 손실될 수 있습니다.
D:\dev\AdvancedProgramming\jjuggumi_game\source\media.c(34,17): warning C4244: '함수': 'double'에서 'DWORD'(으)로 변환하면서 데이터가 손실될 수 있습니다.
  sample.c
D:\dev\AdvancedProgramming\jjuggumi_game\source\sample.c(21,2): warning C4013: 'SetConsoleFontSize'이(가) 정의되지 않았습니다. extern은 int형을 반환하는 것으로 간주합니다.
  코드를 생성하고 있습니다...
  LINK : D:\dev\AdvancedProgramming\jjuggumi_game\x64\Debug\jjuggumi_game.exe을(를) 찾을 수 없거나 마지막 증분 링크에 의해 빌드되지 않았습니다. 전체 링크를 수행하고 있습니다.
  jjuggumi_game.vcxproj -> D:\dev\AdvancedProgramming\jjuggumi_game\x64\Debug\jjuggumi_game.exe
